TN:
SF:src\App.jsx
FN:24,App
FN:59,(anonymous_1)
FN:61,(anonymous_2)
FN:62,(anonymous_3)
FN:67,(anonymous_4)
FN:71,(anonymous_5)
FN:80,(anonymous_6)
FN:82,(anonymous_7)
FN:85,(anonymous_8)
FN:128,(anonymous_9)
FN:143,(anonymous_10)
FN:158,(anonymous_11)
FN:179,(anonymous_12)
FN:185,(anonymous_13)
FN:190,(anonymous_14)
FN:191,(anonymous_15)
FN:198,(anonymous_16)
FN:240,(anonymous_17)
FN:240,(anonymous_18)
FNF:19
FNH:16
FNDA:59,App
FNDA:11,(anonymous_1)
FNDA:20,(anonymous_2)
FNDA:11,(anonymous_3)
FNDA:12,(anonymous_4)
FNDA:38,(anonymous_5)
FNDA:10,(anonymous_6)
FNDA:10,(anonymous_7)
FNDA:5,(anonymous_8)
FNDA:38,(anonymous_9)
FNDA:2,(anonymous_10)
FNDA:0,(anonymous_11)
FNDA:0,(anonymous_12)
FNDA:4,(anonymous_13)
FNDA:1,(anonymous_14)
FNDA:1,(anonymous_15)
FNDA:0,(anonymous_16)
FNDA:1,(anonymous_17)
FNDA:1,(anonymous_18)
DA:25,59
DA:26,59
DA:27,11
DA:29,59
DA:31,59
DA:32,59
DA:33,59
DA:34,59
DA:36,59
DA:37,59
DA:38,59
DA:39,59
DA:41,59
DA:42,59
DA:43,59
DA:45,59
DA:46,59
DA:47,59
DA:48,59
DA:49,59
DA:50,59
DA:51,59
DA:52,59
DA:53,59
DA:55,59
DA:56,59
DA:57,59
DA:59,59
DA:60,59
DA:61,59
DA:62,59
DA:63,11
DA:67,59
DA:68,12
DA:71,59
DA:72,38
DA:80,59
DA:81,10
DA:82,10
DA:85,59
DA:86,5
DA:87,5
DA:88,5
DA:90,5
DA:92,5
DA:93,5
DA:94,5
DA:95,5
DA:96,5
DA:97,5
DA:98,5
DA:99,5
DA:100,5
DA:101,5
DA:103,5
DA:104,5
DA:113,4
DA:114,4
DA:115,4
DA:116,4
DA:117,4
DA:118,4
DA:120,1
DA:121,1
DA:122,1
DA:124,5
DA:128,59
DA:129,38
DA:130,1
DA:132,1
DA:133,1
DA:136,1
DA:143,59
DA:144,2
DA:145,1
DA:146,1
DA:147,1
DA:150,1
DA:151,1
DA:153,1
DA:154,1
DA:155,1
DA:158,59
DA:159,0
DA:160,0
DA:161,0
DA:162,0
DA:165,0
DA:166,0
DA:167,0
DA:169,0
DA:170,0
DA:176,0
DA:179,0
DA:180,0
DA:181,0
DA:185,59
DA:186,4
DA:187,4
DA:190,59
DA:191,1
DA:192,1
DA:193,1
DA:194,1
DA:198,59
DA:199,0
DA:200,0
DA:201,0
DA:204,59
DA:240,1
LF:110
LH:94
BRDA:26,0,0,11
BRDA:26,0,1,48
BRDA:57,1,0,59
BRDA:57,1,1,3
BRDA:85,2,0,5
BRDA:86,3,0,5
BRDA:86,3,1,4
BRDA:87,4,0,5
BRDA:87,4,1,4
BRDA:88,5,0,5
BRDA:88,5,1,4
BRDA:90,6,0,0
BRDA:90,6,1,5
BRDA:120,7,0,1
BRDA:120,7,1,0
BRDA:129,8,0,37
BRDA:129,8,1,1
BRDA:132,9,0,1
BRDA:132,9,1,0
BRDA:144,10,0,1
BRDA:144,10,1,1
BRDA:151,11,0,0
BRDA:151,11,1,1
BRDA:159,12,0,0
BRDA:159,12,1,0
BRDA:169,13,0,0
BRDA:169,13,1,0
BRDA:192,14,0,1
BRDA:192,14,1,0
BRDA:233,15,0,57
BRDA:233,15,1,2
BRDA:236,16,0,57
BRDA:236,16,1,2
BRDA:241,17,0,1
BRDA:241,17,1,58
BRDA:252,18,0,59
BRDA:252,18,1,1
BRDA:284,19,0,59
BRDA:284,19,1,2
BRDA:323,20,0,59
BRDA:323,20,1,9
BRDA:334,21,0,59
BRDA:334,21,1,49
BRDA:348,22,0,59
BRDA:348,22,1,5
BRF:45
BRH:36
end_of_record
TN:
SF:src\components\ItineraryPanel.jsx
FN:7,PoiCard
FN:26,(anonymous_1)
FN:51,(anonymous_2)
FN:62,(anonymous_3)
FN:92,ItineraryPanel
FN:135,(anonymous_5)
FN:151,(anonymous_6)
FN:170,(anonymous_7)
FN:184,(anonymous_8)
FNF:9
FNH:7
FNDA:16,PoiCard
FNDA:3,(anonymous_1)
FNDA:0,(anonymous_2)
FNDA:0,(anonymous_3)
FNDA:62,ItineraryPanel
FNDA:12,(anonymous_5)
FNDA:1,(anonymous_6)
FNDA:16,(anonymous_7)
FNDA:32,(anonymous_8)
DA:16,16
DA:17,16
DA:19,16
DA:26,3
DA:51,0
DA:62,0
DA:105,62
DA:107,12
DA:136,12
DA:137,12
DA:138,12
DA:139,12
DA:141,12
DA:151,1
DA:171,16
DA:172,16
DA:173,16
DA:174,16
DA:176,16
DA:184,32
LF:20
LH:18
BRDA:25,0,0,2
BRDA:25,0,1,14
BRDA:28,1,0,2
BRDA:28,1,1,14
BRDA:31,2,0,2
BRDA:31,2,1,14
BRDA:37,3,0,2
BRDA:37,3,1,14
BRDA:42,4,0,2
BRDA:42,4,1,14
BRDA:46,5,0,16
BRDA:46,5,1,1
BRDA:78,6,0,16
BRDA:78,6,1,0
BRDA:78,6,2,0
BRDA:105,7,0,50
BRDA:105,7,1,12
BRDA:129,8,0,7
BRDA:129,8,1,5
BRDA:144,9,0,5
BRDA:144,9,1,7
BRDA:151,10,0,0
BRDA:151,10,1,1
BRDA:153,11,0,5
BRDA:153,11,1,7
BRDA:173,12,0,16
BRDA:173,12,1,0
BRF:27
BRH:23
end_of_record
TN:
SF:src\components\LoadingOverlay.jsx
FN:3,LoadingOverlay
FNF:1
FNH:1
FNDA:6,LoadingOverlay
DA:4,6
LF:1
LH:1
BRF:0
BRH:0
end_of_record
TN:
SF:src\components\Map.jsx
FN:15,createNumberedIcon
FN:25,Map
FN:49,(anonymous_2)
FN:67,(anonymous_3)
FN:78,(anonymous_4)
FN:100,(anonymous_5)
FN:105,(anonymous_6)
FN:108,(anonymous_7)
FN:113,(anonymous_8)
FN:116,(anonymous_9)
FN:122,(anonymous_10)
FN:130,(anonymous_11)
FN:134,(anonymous_12)
FN:135,(anonymous_13)
FN:145,(anonymous_14)
FN:164,(anonymous_15)
FN:178,(anonymous_16)
FN:182,(anonymous_17)
FN:186,(anonymous_18)
FN:194,(anonymous_19)
FN:227,(anonymous_20)
FN:227,(anonymous_21)
FN:228,(anonymous_22)
FN:243,(anonymous_23)
FN:248,(anonymous_24)
FN:257,(anonymous_25)
FN:267,(anonymous_26)
FN:272,(anonymous_27)
FN:275,(anonymous_28)
FN:292,(anonymous_29)
FNF:30
FNH:27
FNDA:10,createNumberedIcon
FNDA:7,Map
FNDA:3,(anonymous_2)
FNDA:3,(anonymous_3)
FNDA:7,(anonymous_4)
FNDA:4,(anonymous_5)
FNDA:6,(anonymous_6)
FNDA:0,(anonymous_7)
FNDA:6,(anonymous_8)
FNDA:7,(anonymous_9)
FNDA:6,(anonymous_10)
FNDA:7,(anonymous_11)
FNDA:0,(anonymous_12)
FNDA:0,(anonymous_13)
FNDA:5,(anonymous_14)
FNDA:1,(anonymous_15)
FNDA:1,(anonymous_16)
FNDA:3,(anonymous_17)
FNDA:4,(anonymous_18)
FNDA:2,(anonymous_19)
FNDA:3,(anonymous_20)
FNDA:4,(anonymous_21)
FNDA:1,(anonymous_22)
FNDA:7,(anonymous_23)
FNDA:5,(anonymous_24)
FNDA:1,(anonymous_25)
FNDA:4,(anonymous_26)
FNDA:6,(anonymous_27)
FNDA:4,(anonymous_28)
FNDA:5,(anonymous_29)
DA:16,10
DA:35,7
DA:36,7
DA:37,7
DA:38,7
DA:39,7
DA:40,7
DA:41,7
DA:42,7
DA:43,7
DA:44,7
DA:45,7
DA:47,7
DA:49,7
DA:50,3
DA:52,3
DA:58,3
DA:64,3
DA:65,3
DA:67,3
DA:68,3
DA:69,3
DA:70,3
DA:71,3
DA:72,3
DA:73,3
DA:74,3
DA:78,7
DA:79,7
DA:81,4
DA:83,7
DA:84,4
DA:87,4
DA:93,4
DA:95,4
DA:96,4
DA:97,4
DA:100,4
DA:101,4
DA:105,7
DA:106,6
DA:108,6
DA:109,0
DA:112,6
DA:113,6
DA:116,7
DA:117,7
DA:118,7
DA:122,7
DA:123,6
DA:124,0
DA:125,0
DA:130,7
DA:131,7
DA:133,4
DA:134,4
DA:135,4
DA:136,4
DA:137,4
DA:138,4
DA:140,4
DA:141,4
DA:142,4
DA:143,4
DA:145,4
DA:146,5
DA:147,5
DA:149,5
DA:164,5
DA:165,1
DA:173,5
DA:174,5
DA:177,4
DA:178,1
DA:179,1
DA:182,3
DA:183,3
DA:184,3
DA:186,3
DA:187,4
DA:188,4
DA:191,3
DA:192,1
DA:194,2
DA:196,1
DA:197,1
DA:199,1
DA:207,1
DA:215,1
DA:225,4
DA:226,4
DA:227,4
DA:228,1
DA:230,4
DA:231,3
DA:237,3
DA:240,4
DA:243,7
DA:244,7
DA:246,4
DA:248,4
DA:249,5
DA:250,5
DA:251,5
DA:252,5
DA:257,4
DA:258,1
DA:259,1
DA:260,1
DA:264,1
DA:267,4
DA:268,4
DA:272,7
DA:273,6
DA:275,3
DA:276,4
DA:277,4
DA:279,4
DA:280,4
DA:281,4
DA:283,4
DA:284,1
DA:286,3
DA:291,7
DA:292,5
DA:295,7
LF:126
LH:123
BRDA:27,0,0,7
BRDA:28,1,0,7
BRDA:29,2,0,7
BRDA:30,3,0,7
BRDA:31,4,0,7
BRDA:32,5,0,7
BRDA:50,6,0,0
BRDA:50,6,1,3
BRDA:53,7,0,3
BRDA:53,7,1,0
BRDA:53,8,0,3
BRDA:53,8,1,0
BRDA:79,9,0,3
BRDA:79,9,1,4
BRDA:79,10,0,7
BRDA:79,10,1,7
BRDA:81,11,0,4
BRDA:81,11,1,0
BRDA:83,12,0,4
BRDA:83,12,1,3
BRDA:96,13,0,4
BRDA:96,13,1,0
BRDA:106,14,0,0
BRDA:106,14,1,6
BRDA:106,15,0,6
BRDA:106,15,1,6
BRDA:117,16,0,7
BRDA:117,16,1,0
BRDA:117,17,0,7
BRDA:117,17,1,7
BRDA:117,17,2,7
BRDA:117,17,3,7
BRDA:123,18,0,6
BRDA:123,18,1,0
BRDA:123,19,0,6
BRDA:123,19,1,3
BRDA:123,19,2,3
BRDA:125,20,0,0
BRDA:125,20,1,0
BRDA:131,21,0,3
BRDA:131,21,1,4
BRDA:131,22,0,7
BRDA:131,22,1,4
BRDA:131,22,2,4
BRDA:151,23,0,5
BRDA:151,23,1,0
BRDA:177,24,0,1
BRDA:177,24,1,3
BRDA:177,25,0,4
BRDA:177,25,1,4
BRDA:184,26,0,3
BRDA:184,26,1,1
BRDA:191,27,0,1
BRDA:191,27,1,2
BRDA:192,28,0,0
BRDA:192,28,1,1
BRDA:196,29,0,1
BRDA:196,29,1,0
BRDA:197,30,0,1
BRDA:197,30,1,0
BRDA:200,31,0,1
BRDA:200,31,1,0
BRDA:225,32,0,4
BRDA:225,32,1,0
BRDA:225,33,0,4
BRDA:225,33,1,4
BRDA:225,33,2,4
BRDA:226,34,0,3
BRDA:226,34,1,1
BRDA:230,35,0,3
BRDA:230,35,1,1
BRDA:244,36,0,3
BRDA:244,36,1,4
BRDA:250,37,0,0
BRDA:250,37,1,5
BRDA:258,38,0,1
BRDA:258,38,1,0
BRDA:259,39,0,1
BRDA:259,39,1,0
BRDA:261,40,0,1
BRDA:261,40,1,0
BRDA:273,41,0,3
BRDA:273,41,1,3
BRDA:277,42,0,0
BRDA:277,42,1,4
BRDA:281,43,0,1
BRDA:281,43,1,3
BRDA:283,44,0,1
BRDA:283,44,1,3
BRDA:291,45,0,5
BRDA:291,45,1,2
BRDA:299,46,0,3
BRDA:299,46,1,4
BRDA:301,47,0,7
BRDA:301,47,1,0
BRF:95
BRH:73
end_of_record
TN:
SF:src\components\SearchForm.jsx
FN:4,SearchForm
FN:35,(anonymous_1)
FN:55,(anonymous_2)
FN:81,(anonymous_3)
FN:100,(anonymous_4)
FNF:5
FNH:4
FNDA:62,SearchForm
FNDA:31,(anonymous_1)
FNDA:0,(anonymous_2)
FNDA:1,(anonymous_3)
FNDA:1,(anonymous_4)
DA:17,62
DA:19,62
DA:35,31
DA:55,0
DA:81,1
DA:100,1
LF:6
LH:5
BRF:0
BRH:0
end_of_record
TN:
SF:src\components\SettingsPanel.jsx
FN:3,SettingsPanel
FN:25,(anonymous_1)
FN:39,(anonymous_2)
FNF:3
FNH:3
FNDA:3,SettingsPanel
FNDA:3,(anonymous_1)
FNDA:3,(anonymous_2)
DA:4,3
DA:25,3
DA:39,3
LF:3
LH:3
BRF:0
BRH:0
end_of_record
TN:
SF:src\components\ShareTripPanel.jsx
FN:6,ShareTripPanel
FN:15,(anonymous_1)
FN:29,(anonymous_2)
FN:36,(anonymous_3)
FN:68,(anonymous_4)
FNF:5
FNH:3
FNDA:63,ShareTripPanel
FNDA:41,(anonymous_1)
FNDA:2,(anonymous_2)
FNDA:0,(anonymous_3)
FNDA:0,(anonymous_4)
DA:14,63
DA:15,63
DA:16,41
DA:17,31
DA:23,63
DA:25,63
DA:26,13
DA:29,50
DA:30,2
DA:32,2
DA:33,2
DA:34,2
DA:35,2
DA:36,2
DA:38,0
DA:42,50
DA:68,0
LF:17
LH:15
BRDA:16,0,0,10
BRDA:16,0,1,31
BRDA:25,1,0,13
BRDA:25,1,1,50
BRDA:30,2,0,0
BRDA:30,2,1,2
BRDA:74,3,0,2
BRDA:74,3,1,48
BRDA:77,4,0,2
BRDA:77,4,1,48
BRF:10
BRH:9
end_of_record
TN:
SF:src\components\WeatherForecast.jsx
FN:7,WeatherForecast
FN:21,(anonymous_1)
FNF:2
FNH:2
FNDA:60,WeatherForecast
FNDA:3,(anonymous_1)
DA:5,2
DA:8,60
DA:10,3
DA:12,3
DA:22,3
DA:23,3
DA:24,3
DA:26,3
LF:8
LH:8
BRDA:8,0,0,57
BRDA:8,0,1,3
BRDA:8,1,0,60
BRDA:8,1,1,3
BRDA:23,2,0,3
BRDA:23,2,1,0
BRDA:27,3,0,3
BRDA:27,3,1,0
BRF:8
BRH:6
end_of_record
TN:
SF:src\constants\dayColors.js
FN:9,(anonymous_0)
FNF:1
FNH:1
FNDA:20,(anonymous_0)
DA:1,4
DA:9,20
DA:11,4
LF:3
LH:3
BRF:0
BRH:0
end_of_record
TN:
SF:src\engine\clustering.js
FN:9,clusterPOIs
FN:12,(anonymous_1)
FN:14,(anonymous_2)
FN:20,(anonymous_3)
FN:22,(anonymous_4)
FN:29,(anonymous_5)
FN:78,(anonymous_6)
FN:117,(anonymous_7)
FN:123,(anonymous_8)
FN:131,(anonymous_9)
FNF:10
FNH:10
FNDA:6,clusterPOIs
FNDA:33,(anonymous_1)
FNDA:6,(anonymous_2)
FNDA:12,(anonymous_3)
FNDA:15,(anonymous_4)
FNDA:3,(anonymous_5)
FNDA:7,(anonymous_6)
FNDA:8,(anonymous_7)
FNDA:15,(anonymous_8)
FNDA:15,(anonymous_9)
DA:10,6
DA:12,33
DA:14,4
DA:15,6
DA:16,6
DA:20,4
DA:21,12
DA:22,15
DA:23,12
DA:24,0
DA:25,0
DA:29,4
DA:30,3
DA:31,3
DA:34,4
DA:35,4
DA:36,8
DA:40,4
DA:42,4
DA:43,3
DA:44,3
DA:46,3
DA:47,12
DA:49,9
DA:50,9
DA:51,9
DA:52,9
DA:53,9
DA:57,9
DA:58,9
DA:59,9
DA:63,3
DA:64,3
DA:66,0
DA:71,4
DA:72,4
DA:73,13
DA:74,6
DA:78,4
DA:79,7
DA:82,4
DA:83,6
DA:84,6
DA:86,6
DA:87,6
DA:89,6
DA:90,12
DA:91,12
DA:94,12
DA:97,12
DA:98,12
DA:99,1
DA:100,11
DA:102,1
DA:105,12
DA:107,12
DA:108,9
DA:109,9
DA:113,12
DA:117,4
DA:118,8
DA:120,6
DA:121,6
DA:123,15
DA:125,6
DA:126,6
DA:127,6
DA:128,6
DA:130,6
DA:131,15
DA:132,6
DA:133,6
DA:134,6
DA:135,6
DA:136,6
DA:140,6
DA:141,6
DA:142,6
DA:145,6
DA:148,4
LF:80
LH:77
BRDA:9,0,0,6
BRDA:9,1,0,6
BRDA:10,2,0,2
BRDA:10,2,1,4
BRDA:10,3,0,6
BRDA:10,3,1,5
BRDA:12,4,0,33
BRDA:12,4,1,0
BRDA:16,5,0,6
BRDA:16,5,1,3
BRDA:23,6,0,12
BRDA:23,6,1,0
BRDA:24,7,0,0
BRDA:24,7,1,0
BRDA:31,8,0,3
BRDA:31,8,1,3
BRDA:42,9,0,4
BRDA:42,9,1,4
BRDA:47,10,0,3
BRDA:47,10,1,9
BRDA:51,11,0,9
BRDA:51,11,1,0
BRDA:52,12,0,9
BRDA:52,12,1,0
BRDA:57,13,0,9
BRDA:57,13,1,0
BRDA:63,14,0,3
BRDA:63,14,1,0
BRDA:73,15,0,6
BRDA:73,15,1,7
BRDA:98,16,0,1
BRDA:98,16,1,11
BRDA:98,17,0,12
BRDA:98,17,1,2
BRDA:100,18,0,1
BRDA:100,18,1,10
BRDA:100,19,0,11
BRDA:100,19,1,10
BRDA:100,19,2,2
BRDA:107,20,0,9
BRDA:107,20,1,3
BRDA:118,21,0,2
BRDA:118,21,1,6
BRDA:133,22,0,6
BRDA:133,22,1,0
BRF:45
BRH:36
end_of_record
TN:
SF:src\engine\planTrip.js
FN:11,planTrip
FN:17,(anonymous_1)
FN:42,(anonymous_2)
FNF:3
FNH:3
FNDA:4,planTrip
FNDA:11,(anonymous_1)
FNDA:2,(anonymous_2)
DA:19,4
DA:20,4
DA:21,4
DA:22,1
DA:25,3
DA:26,3
DA:28,3
DA:29,3
DA:30,3
DA:31,1
DA:34,2
DA:35,2
DA:37,2
DA:38,2
DA:40,2
DA:41,2
DA:43,2
DA:44,2
DA:45,2
DA:47,1
DA:48,1
DA:51,0
DA:53,2
DA:57,2
DA:59,2
DA:61,2
LF:26
LH:25
BRDA:13,0,0,4
BRDA:14,1,0,4
BRDA:15,2,0,4
BRDA:16,3,0,4
BRDA:17,4,0,11
BRDA:21,5,0,1
BRDA:21,5,1,3
BRDA:30,6,0,1
BRDA:30,6,1,2
BRDA:43,7,0,2
BRDA:43,7,1,0
BRF:11
BRH:10
end_of_record
TN:
SF:src\hooks\usePersistedState.js
FN:6,usePersistedState
FN:7,(anonymous_1)
FN:16,(anonymous_2)
FNF:3
FNH:3
FNDA:182,usePersistedState
FNDA:37,(anonymous_1)
FNDA:39,(anonymous_2)
DA:7,182
DA:8,37
DA:9,37
DA:10,37
DA:12,1
DA:16,182
DA:17,39
DA:18,39
DA:24,182
LF:9
LH:9
BRDA:10,0,0,1
BRDA:10,0,1,35
BRDA:10,1,0,37
BRDA:10,1,1,1
BRF:4
BRH:4
end_of_record
TN:
SF:src\services\geocoding.js
FN:9,geocodeCity
FNF:1
FNH:1
FNDA:5,geocodeCity
DA:11,5
DA:12,2
DA:13,2
DA:23,1
DA:24,1
DA:25,1
DA:32,1
DA:37,4
DA:38,4
DA:49,3
DA:50,2
DA:51,2
DA:57,1
DA:59,1
DA:60,1
LF:15
LH:15
BRDA:9,0,0,5
BRDA:11,1,0,2
BRDA:11,1,1,3
BRDA:11,2,0,5
BRDA:11,2,1,2
BRDA:23,3,0,1
BRDA:23,3,1,0
BRDA:23,4,0,1
BRDA:23,4,1,1
BRDA:23,4,2,1
BRDA:28,5,0,1
BRDA:28,5,1,0
BRDA:28,5,2,0
BRDA:49,6,0,2
BRDA:49,6,1,1
BRDA:49,7,0,3
BRDA:49,7,1,3
BRF:17
BRH:14
end_of_record
TN:
SF:src\services\poi.js
FN:12,fetchPOIs
FN:45,(anonymous_1)
FN:46,(anonymous_2)
FN:65,(anonymous_3)
FNF:4
FNH:4
FNDA:3,fetchPOIs
FNDA:3,(anonymous_1)
FNDA:2,(anonymous_2)
FNDA:2,(anonymous_3)
DA:13,3
DA:36,3
DA:37,3
DA:43,2
DA:44,1
DA:45,3
DA:47,2
DA:53,2
DA:65,2
DA:67,1
DA:70,1
DA:72,1
DA:73,1
LF:13
LH:13
BRDA:12,0,0,3
BRDA:12,1,0,3
BRDA:43,2,0,1
BRDA:43,2,1,1
BRDA:47,3,0,2
BRDA:47,3,1,1
BRDA:47,3,2,1
BRDA:47,3,3,0
BRDA:47,3,4,0
BRDA:57,4,0,2
BRDA:57,4,1,0
BRDA:58,5,0,2
BRDA:58,5,1,0
BRDA:59,6,0,2
BRDA:59,6,1,1
BRDA:60,7,0,2
BRDA:60,7,1,1
BRDA:60,7,2,1
BRDA:61,8,0,2
BRDA:61,8,1,2
BRDA:62,9,0,2
BRDA:62,9,1,2
BRDA:65,10,0,2
BRDA:65,10,1,2
BRF:24
BRH:20
end_of_record
TN:
SF:src\services\routing.js
FN:9,getRoutingMatrix
FN:15,(anonymous_1)
FN:35,(anonymous_2)
FN:60,getRoutePolyline
FN:68,(anonymous_4)
FN:92,(anonymous_5)
FN:112,fallbackMatrix
FNF:7
FNH:7
FNDA:3,getRoutingMatrix
FNDA:4,(anonymous_1)
FNDA:4,(anonymous_2)
FNDA:4,getRoutePolyline
FNDA:4,(anonymous_4)
FNDA:4,(anonymous_5)
FNDA:1,fallbackMatrix
DA:10,3
DA:11,2
DA:12,2
DA:15,4
DA:26,1
DA:27,1
DA:30,1
DA:35,4
DA:36,2
DA:37,2
DA:43,1
DA:44,1
DA:46,0
DA:48,1
DA:50,1
DA:61,4
DA:63,3
DA:64,2
DA:65,2
DA:68,4
DA:78,1
DA:84,1
DA:87,1
DA:92,4
DA:93,2
DA:94,2
DA:101,1
DA:102,1
DA:104,0
DA:106,1
DA:107,1
DA:113,1
DA:114,1
DA:115,2
DA:116,2
DA:117,4
DA:118,2
DA:120,2
DA:121,2
DA:122,2
DA:123,2
DA:126,2
DA:128,1
LF:43
LH:41
BRDA:9,0,0,3
BRDA:10,1,0,2
BRDA:10,1,1,1
BRDA:10,2,0,3
BRDA:10,2,1,2
BRDA:26,3,0,1
BRDA:26,3,1,0
BRDA:26,4,0,1
BRDA:26,4,1,1
BRDA:43,5,0,1
BRDA:43,5,1,0
BRDA:43,6,0,1
BRDA:43,6,1,1
BRDA:60,7,0,4
BRDA:61,8,0,1
BRDA:61,8,1,3
BRDA:63,9,0,2
BRDA:63,9,1,1
BRDA:63,10,0,3
BRDA:63,10,1,2
BRDA:78,11,0,1
BRDA:78,11,1,0
BRDA:79,12,0,1
BRDA:79,12,1,1
BRDA:79,12,2,1
BRDA:79,12,3,1
BRDA:101,13,0,1
BRDA:101,13,1,0
BRDA:101,14,0,1
BRDA:101,14,1,1
BRDA:101,14,2,1
BRDA:117,15,0,2
BRDA:117,15,1,2
BRF:33
BRH:29
end_of_record
TN:
SF:src\services\weather.js
FN:9,getWeatherForecast
FN:22,(anonymous_1)
FN:39,interpretWeatherCode
FNF:3
FNH:3
FNDA:3,getWeatherForecast
FNDA:1,(anonymous_1)
FNDA:9,interpretWeatherCode
DA:10,3
DA:11,3
DA:20,2
DA:21,1
DA:22,1
DA:29,1
DA:31,1
DA:32,1
DA:40,9
DA:41,5
DA:42,4
DA:43,4
DA:44,3
DA:45,2
DA:46,1
LF:15
LH:15
BRDA:20,0,0,1
BRDA:20,0,1,1
BRDA:20,1,0,2
BRDA:20,1,1,2
BRDA:40,2,0,4
BRDA:40,2,1,5
BRDA:41,3,0,1
BRDA:41,3,1,4
BRDA:41,4,0,5
BRDA:41,4,1,5
BRDA:42,5,0,0
BRDA:42,5,1,4
BRDA:42,6,0,4
BRDA:42,6,1,3
BRDA:43,7,0,1
BRDA:43,7,1,3
BRDA:43,8,0,4
BRDA:43,8,1,3
BRDA:44,9,0,1
BRDA:44,9,1,2
BRDA:44,10,0,3
BRDA:44,10,1,2
BRDA:45,11,0,1
BRDA:45,11,1,1
BRF:24
BRH:23
end_of_record
TN:
SF:src\utils\categoryEmoji.js
FN:29,getCategoryEmoji
FN:34,getCategoryLabel
FNF:2
FNH:2
FNDA:31,getCategoryEmoji
FNDA:34,getCategoryLabel
DA:1,5
DA:30,31
DA:31,31
DA:35,34
DA:36,34
LF:5
LH:5
BRDA:30,0,0,31
BRDA:30,0,1,1
BRDA:31,1,0,31
BRDA:31,1,1,1
BRDA:35,2,0,34
BRDA:35,2,1,1
BRF:6
BRH:6
end_of_record
TN:
SF:src\utils\clipboard.js
FN:5,copyTextToClipboard
FNF:1
FNH:0
FNDA:0,copyTextToClipboard
DA:6,0
LF:1
LH:0
BRF:0
BRH:0
end_of_record
TN:
SF:src\utils\dates.js
FN:1,addDays
FN:7,formatShortDate
FN:15,formatDayLabel
FN:24,formatTripDuration
FN:29,getTripEndDate
FN:33,todayISO
FNF:6
FNH:6
FNDA:29,addDays
FNDA:143,formatShortDate
FNDA:31,formatDayLabel
FNDA:123,formatTripDuration
FNDA:13,getTripEndDate
FNDA:75,todayISO
DA:2,29
DA:3,29
DA:4,29
DA:8,143
DA:16,31
DA:25,123
DA:26,123
DA:30,13
DA:34,75
LF:9
LH:9
BRF:0
BRH:0
end_of_record
TN:
SF:src\utils\mapUtils.js
FN:7,poiKey
FN:11,buildGlobalIndexMap
FN:15,(anonymous_2)
FN:16,(anonymous_3)
FN:25,buildPoiPopup
FN:44,buildMarkerHtml
FN:57,toLatLngPath
FN:58,(anonymous_7)
FNF:8
FNH:8
FNDA:13,poiKey
FNDA:5,buildGlobalIndexMap
FNDA:5,(anonymous_2)
FNDA:7,(anonymous_3)
FNDA:11,buildPoiPopup
FNDA:12,buildMarkerHtml
FNDA:1,toLatLngPath
FNDA:2,(anonymous_7)
DA:4,2
DA:5,2
DA:8,13
DA:12,5
DA:13,5
DA:15,5
DA:16,5
DA:17,7
DA:18,7
DA:22,5
DA:26,11
DA:27,11
DA:28,11
DA:30,11
DA:45,12
DA:47,12
DA:58,2
LF:17
LH:17
BRDA:27,0,0,6
BRDA:27,0,1,5
BRDA:28,1,0,6
BRDA:28,1,1,5
BRDA:38,2,0,1
BRDA:38,2,1,10
BRDA:38,3,0,11
BRDA:38,3,1,1
BRDA:39,4,0,1
BRDA:39,4,1,10
BRDA:45,5,0,2
BRDA:45,5,1,10
BRDA:48,6,0,2
BRDA:48,6,1,10
BRDA:51,7,0,2
BRDA:51,7,1,10
BRDA:52,8,0,2
BRDA:52,8,1,10
BRF:18
BRH:18
end_of_record
TN:
SF:src\utils\mapsLink.js
FN:5,getGoogleMapsUrl
FNF:1
FNH:1
FNDA:29,getGoogleMapsUrl
DA:6,29
DA:7,29
DA:8,29
LF:3
LH:3
BRDA:7,0,0,28
BRDA:7,0,1,1
BRF:2
BRH:2
end_of_record
TN:
SF:src\utils\poiMeta.js
FN:4,buildPoiMetaMap
FN:8,(anonymous_1)
FN:9,(anonymous_2)
FN:21,computeTotalTravelMinutes
FN:24,(anonymous_4)
FN:26,(anonymous_5)
FN:27,(anonymous_6)
FNF:7
FNH:7
FNDA:21,buildPoiMetaMap
FNDA:5,(anonymous_1)
FNDA:7,(anonymous_2)
FNDA:3,computeTotalTravelMinutes
FNDA:4,(anonymous_4)
FNDA:3,(anonymous_5)
FNDA:6,(anonymous_6)
DA:5,21
DA:6,21
DA:8,21
DA:9,5
DA:10,7
DA:11,7
DA:15,21
DA:22,3
DA:24,3
DA:25,4
DA:26,3
DA:27,6
DA:28,3
DA:29,3
DA:34,3
LF:15
LH:15
BRDA:28,0,0,3
BRDA:28,0,1,0
BRDA:28,1,0,3
BRDA:28,1,1,3
BRDA:29,2,0,3
BRDA:29,2,1,0
BRF:6
BRH:4
end_of_record
TN:
SF:src\utils\poiSelection.js
FN:18,normalizeCategory
FN:28,selectDiversePOIs
FN:33,(anonymous_2)
FN:39,(anonymous_3)
FN:47,(anonymous_4)
FNF:5
FNH:5
FNDA:46,normalizeCategory
FNDA:6,selectDiversePOIs
FNDA:46,(anonymous_2)
FNDA:3,(anonymous_3)
FNDA:17,(anonymous_4)
DA:1,2
DA:3,2
DA:19,46
DA:29,6
DA:30,4
DA:32,2
DA:33,2
DA:34,46
DA:35,46
DA:36,46
DA:39,2
DA:40,3
DA:43,2
DA:44,2
DA:45,2
DA:47,2
DA:48,17
DA:49,17
DA:50,17
DA:52,17
DA:54,15
DA:55,15
DA:57,15
DA:58,15
DA:59,15
DA:60,15
DA:63,2
DA:64,2
DA:65,7
DA:66,7
DA:67,17
DA:68,17
DA:72,2
DA:73,1
DA:74,13
DA:75,12
DA:76,6
DA:77,6
DA:82,2
LF:39
LH:39
BRDA:19,0,0,46
BRDA:19,0,1,0
BRDA:28,1,0,6
BRDA:29,2,0,2
BRDA:29,2,1,4
BRDA:30,3,0,2
BRDA:30,3,1,2
BRDA:35,4,0,5
BRDA:35,4,1,41
BRDA:48,5,0,17
BRDA:48,5,1,0
BRDA:49,6,0,17
BRDA:49,6,1,5
BRDA:50,7,0,17
BRDA:50,7,1,0
BRDA:52,8,0,2
BRDA:52,8,1,15
BRDA:52,9,0,17
BRDA:52,9,1,15
BRDA:55,10,0,0
BRDA:55,10,1,15
BRDA:64,11,0,2
BRDA:64,11,1,8
BRDA:67,12,0,0
BRDA:67,12,1,17
BRDA:68,13,0,15
BRDA:68,13,1,2
BRDA:72,14,0,1
BRDA:72,14,1,1
BRDA:74,15,0,1
BRDA:74,15,1,12
BRDA:75,16,0,6
BRDA:75,16,1,6
BRF:33
BRH:28
end_of_record
TN:
SF:src\utils\tripShare.js
FN:33,clampDaysCount
FN:39,clampRadiusKm
FN:45,clampStartDate
FN:55,buildShareParams
FN:83,buildShareUrl
FN:100,parseShareParams
FN:126,readShareParamsFromLocation
FN:137,writeShareParamsToLocation
FN:151,getDefaultLocation
FN:158,getDefaultHistory
FN:160,(anonymous_10)
FN:170,getInitialTripStateFromUrl
FNF:12
FNH:11
FNDA:16,clampDaysCount
FNDA:15,clampRadiusKm
FNDA:16,clampStartDate
FNDA:72,buildShareParams
FNDA:32,buildShareUrl
FNDA:14,parseShareParams
FNDA:13,readShareParamsFromLocation
FNDA:39,writeShareParamsToLocation
FNDA:49,getDefaultLocation
FNDA:38,getDefaultHistory
FNDA:0,(anonymous_10)
FNDA:12,getInitialTripStateFromUrl
DA:4,3
DA:12,3
DA:34,16
DA:35,16
DA:36,6
DA:40,15
DA:41,15
DA:42,5
DA:46,16
DA:47,3
DA:56,72
DA:57,72
DA:59,72
DA:60,63
DA:62,72
DA:63,72
DA:65,72
DA:66,72
DA:68,72
DA:69,72
DA:71,72
DA:72,33
DA:75,72
DA:84,32
DA:85,32
DA:89,32
DA:90,32
DA:91,32
DA:101,14
DA:105,14
DA:106,14
DA:107,14
DA:108,14
DA:109,14
DA:111,14
DA:127,13
DA:138,39
DA:139,39
DA:140,39
DA:141,39
DA:142,39
DA:144,39
DA:145,39
DA:148,39
DA:152,49
DA:153,0
DA:155,49
DA:159,38
DA:160,0
DA:162,38
DA:171,12
DA:173,12
LF:52
LH:50
BRDA:35,0,0,10
BRDA:35,0,1,6
BRDA:41,1,0,10
BRDA:41,1,1,5
BRDA:45,2,0,16
BRDA:46,3,0,13
BRDA:46,3,1,3
BRDA:46,4,0,16
BRDA:46,4,1,4
BRDA:47,5,0,1
BRDA:47,5,1,2
BRDA:59,6,0,63
BRDA:59,6,1,9
BRDA:62,7,0,72
BRDA:62,7,1,0
BRDA:65,8,0,72
BRDA:65,8,1,0
BRDA:68,9,0,72
BRDA:68,9,1,0
BRDA:71,10,0,33
BRDA:71,10,1,39
BRDA:85,11,0,32
BRDA:85,11,1,0
BRDA:89,12,0,32
BRDA:89,12,1,0
BRDA:100,13,0,14
BRDA:101,14,0,0
BRDA:101,14,1,14
BRDA:103,15,0,14
BRDA:103,15,1,0
BRDA:105,16,0,14
BRDA:105,16,1,10
BRDA:106,17,0,14
BRDA:106,17,1,12
BRDA:126,18,0,13
BRDA:126,19,0,13
BRDA:127,20,0,13
BRDA:127,20,1,10
BRDA:137,21,0,39
BRDA:137,22,0,39
BRDA:139,23,0,39
BRDA:139,23,1,0
BRDA:140,24,0,39
BRDA:140,24,1,39
BRDA:142,25,0,39
BRDA:142,25,1,0
BRDA:144,26,0,39
BRDA:144,26,1,0
BRDA:152,27,0,0
BRDA:152,27,1,49
BRDA:159,28,0,0
BRDA:159,28,1,38
BRDA:170,29,0,12
BRDA:175,30,0,12
BRDA:175,30,1,11
BRDA:176,31,0,12
BRDA:176,31,1,10
BRDA:177,32,0,12
BRDA:177,32,1,10
BRF:59
BRH:47
end_of_record
